2026-06-08 | TaskManager | Full CRUD task board (Task entity: list/create/update/remove) — kanban columns (TODO/IN_PROGRESS/DONE), new-task form, stat tiles, build PASSED.
2026-06-08 | WakeWordToggle (F02) | Always-listening wake toggle pill next to JARVIS orb; onWake now opens panel; disarmWake disarms without closing; build PASSED.
2026-06-08 | TelemetryTicker (F03) | Live CPU/mem/load + brain nodes/synapses ticker in APEX top bar; polls /v1/jarvis/system/status + /v1/cinematic/brain every 15s; build PASSED.
2026-06-08 | SceneKeyboardNav (F04) | Global keyboard scene-jump: 1-9 → scenes 01-09, 0 → scene 10, Esc → home; guards input focus; HUD flash badge; mounted in JarvisBrain; build PASSED.
2026-06-09 | SpokenStatusReport (F05) | "JARVIS, status" → fetches /v1/jarvis/system/status + /v1/cinematic/brain, formats spoken sentence, TTS via /v1/voice/tts; wired in JarvisBrain.ask() early-return; build PASSED.
2026-06-09 | WorldIncidentFeed (F06) | Floating cinematic panel: mini Three.js globe with live earthquake pins + scrolling seismic incident list from /functions/getLiveIntel; auto-refreshes every 60s; mounted in App.jsx; build PASSED.
2026-06-09 | MarketsTicker (F07) | Scrolling bottom-strip ticker of crypto+FX prices from /functions/getLiveIntel markets[]; "JARVIS, markets" → isMarketsQuery early-return in JarvisBrain speaks top movers via TTS; expandable market grid panel; auto-refreshes every 60s; build PASSED.
2026-06-09 | EntityQuickSearch (F08) | Floating search panel queries /v1/graph/subgraph + /entities/IntelProfile; "JARVIS, find X" triggers isEntitySearchQuery early-return in JarvisBrain, dispatches jarvis:entity-search to open panel + speaks one-line dossier via TTS; Ctrl+Shift+E keyboard shortcut; click result fires jarvis:speak-dossier; mounted in App.jsx; build PASSED.
2026-06-09 | RiskBoard (F09) | Floating severity-sorted risk signal panel from /entities/RiskSignal; critical cards pulse red; severity filter tabs (all/critical/high/medium/low); isRiskQuery + buildRiskScript wired in JarvisBrain for TTS; toggle button at bottom-left; auto-refreshes every 90s; mounted in App.jsx; build PASSED.
2026-06-09 F11 DatasetsBrowser.jsx — /v1/datasets catalog panel with row counts, filter, and JarvisBrain 'datasets' intent; DATA button bottom-left strip; build PASSED.
2026-06-09 F12 InvestigationsList.jsx — /v1/investigations open-cases panel; status-sorted cards (open/in-progress/closed), priority + lead badges, filter input; isInvestigationsQuery TTS brief wired in JarvisBrain; INTEL toggle button bottom-left; build PASSED.
2026-06-09 F13 ScenarioLauncher.jsx — /v1/scenario/list panel; run button POSTs to /v1/scenario/{id}/run + shows outcome; isScenarioQuery TTS brief wired in JarvisBrain; SIM toggle bottom-left; build PASSED.
2026-06-09 F14 DocumentSearch.jsx — /v1/reports + /knowledge/ combined catalog; src-filter tabs (all/reports/knowledge); search input; click result triggers JARVIS TTS summary; isDocumentQuery wired in JarvisBrain; DOCS toggle at left:596 bottom-left; build PASSED.
2026-06-09 F15 SkillScorecard.jsx — /v1/aip/skill scorecard panel; score bars + level badges + filter; avg score stat; isSkillQuery + buildSkillScript TTS wired in JarvisBrain; SKILLS toggle at left:700 bottom-left; auto-refreshes 60s; build PASSED.
2026-06-09 F16 BrainGrowthSparkline.jsx — rolling 40-pt Recharts AreaChart for nodes+synapses from /v1/cinematic/brain; BRAIN toggle + TTS intent; build PASSED
2026-06-09 F17 SceneAnchorDrillDown: per-scene anchor drill-down panel; fetches /v1/cinematic/scene/{id}; clickable anchor list + recursive detail tree; isAnchorQuery+buildAnchorScript TTS wired in JarvisBrain; ⚓ ANCHORS toggle left:908 + Alt+A; build PASSED.
2026-06-09 F18 JarvisBootSequence.jsx — sessionStorage-gated cinematic boot overlay; fetches /v1/jarvis/system/status + /v1/cinematic/brain for real counts; animates boot lines; speaks JARVIS online via /v1/voice/tts on user click; mounted in App.jsx; build PASSED.
2026-06-09 F19 AmbientReactorHum.jsx — WebAudio reactor hum synthesizer: 60Hz sawtooth + 120Hz harmonic + 30Hz sub-bass + bandpass noise + 0.7Hz LFO tremolo; ◇ HUM toggle at left:1012 bottom strip; isAmbientQuery + jarvis:ambient-toggle event wired in JarvisBrain; build PASSED.
2026-06-09 F20 ShowMeNavigation.jsx: "show/open/view X" pre-router in JarvisBrain.ask(); covers 10 panels; build PASSED.
2026-06-09 F21 LiveClockUptime.jsx — ticking clock (1s setInterval) + real process uptime from /v1/jarvis/system/status (polled every 30s); fixed bottom-left display; isClockQuery+buildClockScript TTS wired in JarvisBrain.ask(); mounted in App.jsx; build PASSED.
2026-06-09 F23 InvestmentWidget.jsx — portfolio readout from /entities/Investment + /entities/WealthSnapshot; total value, allocation bars, P&L, type-filter tabs; ◆ WEALTH toggle at left:1116 bottom strip; isInvestmentQuery+buildInvestmentScript TTS wired in JarvisBrain.ask(); mounted in App.jsx; build PASSED.
2026-06-09 F24 ContactsDirectory.jsx — /entities/Contact searchable people list; avatar circles with initials+color, name/role/dept/email/phone/location/tags; filter input; isContactsQuery+buildContactsScript TTS wired in JarvisBrain.ask(); ◈ CONTACTS toggle at left:1220 bottom strip; mounted in App.jsx; build PASSED.
2026-06-09 F25 Swarm jobs monitor — SwarmJobsMonitor.jsx; /entities/SwarmJob; stat tiles (running/queued/failed/done), progress bars, filter tabs, 20s auto-refresh, red pulse on failures; ⬡ SWARM toggle at left:1324; isSwarmQuery+buildSwarmScript TTS wired in JarvisBrain; build PASSED
2026-06-09 F26 GraphCentralityView.jsx — /v1/graph/centrality ranked influence view; isCentralityQuery+buildCentralityScript TTS; ◈ GRAPH toggle left:1428; build PASSED
2026-06-10 F27 ServiceDiagnostics.jsx — /v1/jarvis/system/status per-service health panel; extracts services[]/components[] or synthesises CPU/mem/load tiles; isDiagnosticsQuery+buildDiagnosticsScript TTS wired in JarvisBrain; ⬡ DIAG toggle at left:1532 bottom strip; mounted in App.jsx; build PASSED
2026-06-10T01:10:00Z F28 CommandHistory.jsx — localStorage command log (max 50) with replay + filter; ◷ HIST toggle left:1636; Alt+H shortcut; isHistoryQuery+buildHistoryScript in JarvisBrain; build PASSED
2026-06-10T02:10:00Z F29 MultiVoiceToggle.jsx — switch TTS voice (ash/fable/onyx) live; persisted in localStorage; getActiveVoice() injected into every /v1/voice/tts POST; isVoiceQuery+applyVoiceFromQuery+buildVoiceScript wired in JarvisBrain; ◈ VOICE toggle at left:1740 bottom strip; right-click to cycle; build PASSED
2026-06-10T03:11:00Z F30 SceneAutoTour.jsx — /v1/cinematic/scene/{id} x10 + /v1/voice/tts narration; navigate() auto-cycles all scenes; ▶/⏸/■ controls + progress bar; ⟳ TOUR toggle left:1844; isTourQuery+buildTourScript wired in JarvisBrain; build PASSED
2026-06-10T04:00:00Z F31 IntelProfileDirectory.jsx — /entities/IntelProfile browseable directory; threat-sorted cards with classification badges + type filter tabs + search + click-to-expand; isIntelProfileQuery+buildIntelProfileScript TTS wired in JarvisBrain; ◈ PROFILES toggle at left:1948 + Alt+I shortcut; mounted in App.jsx; build PASSED
2026-06-10T05:12:00Z F32 SceneHealthHeatmap.jsx — all 10 /v1/cinematic/scene/{id} fetched in parallel; anchor health heatmap (cyan/amber/red/grey) with hover tooltips + global avg footer; isSceneHealthQuery+buildSceneHealthScript TTS wired in JarvisBrain; ⬡ HEALTH toggle at left:2052 bottom strip; mounted in App.jsx; build PASSED
[2026-06-10] F33 DONE — MorningBriefing.jsx: parallel-fetch system/status + brain + getLiveIntel → real spoken briefing; ☀ BRIEF toggle left:2156; isBriefingQuery+buildBriefingScript wired in JarvisBrain; build PASSED.
2026-06-10 F34 KnowledgeBrowser.jsx — /knowledge/ browse panel + agent/chat AI summary on click + TTS; isKnowledgeQuery wired in JarvisBrain; KNOW toggle left:2260; build PASSED
2026-06-10 F35 OpsEventStream.jsx — /v1/ops/events event log panel; 15s auto-poll; severity filter tabs (ALL/CRITICAL/HIGH/MEDIUM/LOW); new critical events (sev≥90) spoken via /v1/voice/tts; seenIds dedup ref; ⬡ OPS toggle at left:2364 bottom strip with red critical badge; isOpsQuery+buildOpsScript wired in JarvisBrain; mounted in App.jsx; build PASSED
2026-06-10 F36 GraphPathExplorer — /v1/graph/path source+target picker, hop-chain panel, agent/chat+TTS narration; isPathQuery+buildPathScript in JarvisBrain; jarvis:path-query event; build PASSED.
2026-06-10 F37 ReportSummariser.jsx — /v1/reports list panel (violet accent); click report → /v1/jarvis/agent/chat "summarize this: {title}" → AI transcript in-panel + jarvis:speak-dossier; isReportSummariserQuery+buildReportSummariserScript in JarvisBrain; ◎ SUMM toggle at left:2572 bottom strip; mounted in App.jsx; build PASSED
2026-06-10 F38 DataAcquisitionMonitor.jsx — /v1/cinematic/acquire/status job panel; RUNNING/QUEUED/DONE/FAILED stat tiles, progress bars, filter tabs, 30s auto-poll, failed-count badge; isAcquisitionQuery+buildAcquisitionScript TTS wired in JarvisBrain; ⟳ ACQ toggle at left:2676 bottom strip; mounted in App.jsx; build PASSED
2026-06-10 F39 EntityRegistryOverview.jsx — parallel-fetch 6 entity types (Task/RiskSignal/IntelProfile/SwarmJob/Investment/Contact); count-tiles dashboard; REGISTRY toggle left:2780; jarvis:registry-toggle; 60s refresh; isEntityRegistryQuery+buildEntityRegistryScript in JarvisBrain; mounted App.jsx; build PASSED
2026-06-10 F40 ThreatTimeline.jsx — unified /entities/RiskSignal + /v1/ops/events + /v1/investigations reverse-chrono timeline; source badges RISK/OPS/CASE, severity dots, age, search+filter (ALL/RISK/OPS/CASE/CRITICAL), 30s auto-refresh, critical pulse; isTimelineQuery+buildTimelineScript+jarvis:timeline-toggle wired in JarvisBrain; ◎ TL toggle left:2884 with critical badge; mounted App.jsx; build PASSED
2026-06-10 F41 DONE — JarvisCommandPalette: global Ctrl+K/⌘K palette for cinematic routes; 10 scenes + 31 panel commands + agent fallback; isCommandPaletteQuery in JarvisBrain; left:2988 toggle; build PASSED
2026-06-11 F42 SituationRoom.jsx — parallel-fetch /v1/jarvis/system/status + /v1/cinematic/brain + /entities/RiskSignal + /entities/SwarmJob + /v1/ops/events; ops-centre grid with system vitals, risk severity tiles, swarm job counts, recent ops events; 30s auto-refresh; critical pulse badge; isSituationQuery+buildSituationScript in JarvisBrain; ⊕ SITREP toggle left:3092; mounted App.jsx; build PASSED
2026-06-11 F43 IntelDigest.jsx: getLiveIntel + agent/chat AI digest panel; ◈ DIGEST left:3196; isIntelDigestQuery wired; build PASSED
2026-06-11 F44 GraphNetworkExplorer.jsx — /v1/graph/subgraph + /v1/graph/centrality full-topology browser; type-filter tabs, search, stats tiles (nodes/edges/types); click node → /v1/jarvis/agent/chat AI dossier + TTS; isNetworkExplorerQuery+buildNetworkExplorerScript in JarvisBrain; ◈ NETW toggle left:3300; 60s auto-refresh; mounted App.jsx; build PASSED
2026-06-11 F45 PriorityActionQueue.jsx — parallel-fetch /entities/Task + /entities/RiskSignal + /v1/investigations; urgency-scored unified queue; stat tiles; filter tabs (ALL/TASK/RISK/CASE) + search; click item → /v1/jarvis/agent/chat AI recommendation + TTS; isPriorityQueueQuery+buildPriorityQueueScript in JarvisBrain; jarvis:queue-toggle; ⚡ QUEUE toggle left:3404; critical badge; 45s auto-refresh; mounted App.jsx; build PASSED
2026-06-11 F46 SkillGapAdvisor.jsx — /v1/aip/skill bottom-3 gap tiles + /v1/jarvis/agent/chat AI training plans per weak skill; isSkillGapQuery+buildSkillGapScript TTS wired in JarvisBrain; jarvis:skillgap-toggle; ◈ GAPS toggle left:3508; 5-min auto-refresh; mounted App.jsx; build PASSED
2026-06-11 F47 AgentChatTranscript.jsx — persistent multi-turn chat panel; /v1/jarvis/agent/chat; localStorage history (60 msgs); user/JARVIS bubble UI + timestamps; Enter-to-send; auto-speak via jarvis:speak-dossier; isChatQuery+buildChatScript TTS in JarvisBrain; jarvis:chat-toggle; ◉ CHAT toggle left:3612; mounted App.jsx; build PASSED
2026-06-11 F48 ThreatCorrelationEngine.jsx — parallel-fetch /entities/RiskSignal + /entities/IntelProfile; keyword correlator; AI narrative via /v1/jarvis/agent/chat; severity filter tabs + search; expand pair detail; isThreatCorrelationQuery+buildThreatCorrelationScript in JarvisBrain; jarvis:correlation-toggle; ⚡ CORR toggle left:3716; mounted App.jsx; build PASSED
2026-06-11 F49 SceneCompareView.jsx — pick two /v1/cinematic/scene/{id}; side-by-side anchor diff table (health colour-coded); ▶ COMPARE → /v1/jarvis/agent/chat AI 2-sentence narrative + TTS; isSceneCompareQuery+buildSceneCompareScript wired in JarvisBrain; jarvis:compare-toggle; ⇄ CMPV toggle left:3820; mounted App.jsx; build PASSED
2026-06-11 F50 ScenarioImpactMatrix.jsx — /v1/scenario/list → 3×3 impact×probability risk matrix; scenarios as colour-coded dots (CRITICAL/HIGH/MEDIUM/LOW); hover=name, click dot → /v1/jarvis/agent/chat AI risk assessment + TTS via jarvis:speak-dossier; filter input + stats tiles + 60s auto-refresh; critical badge; isImpactMatrixQuery+buildImpactMatrixScript TTS in JarvisBrain; jarvis:matrix-toggle; ◫ MATRIX toggle left:3924; mounted App.jsx; build PASSED
2026-06-11 F51 DatasetQueryAssistant.jsx — /v1/datasets list + /v1/jarvis/agent/chat; select dataset + ask natural-language question; AI Q&A panel (session history, 20 pairs) + TTS via jarvis:speak-dossier; isDatasetQueryQuery+buildDatasetQueryScript wired in JarvisBrain; jarvis:dqry-toggle; ◈ DQRY toggle left:4028 bottom strip; mounted App.jsx; build PASSED
[2026-06-11] F52 Investigation Case Workspace — InvestigationCaseWorkspace.jsx; /v1/investigations + /entities/RiskSignal cross-ref; AI case analysis via /v1/jarvis/agent/chat + TTS; isICWSQuery+buildICWSScript wired in JarvisBrain; ◈ ICWS left:4132; build PASSED.
2026-06-11 F53 InvestmentRiskOverlay.jsx — parallel-fetch /entities/Investment + /entities/RiskSignal; keyword correlator surfaces portfolio exposure; stat tiles (assets/risks/exposed/critical); click pair → /v1/jarvis/agent/chat AI assessment + TTS via jarvis:speak-dossier; isInvRiskOverlayQuery+buildInvRiskOverlayScript wired in JarvisBrain; ◈ IRO left:4236 bottom strip; build PASSED
2026-06-11 F54 ContactThreatLinker.jsx — parallel-fetch /entities/Contact + /entities/IntelProfile; keyword correlator surfaces contacts appearing in threat profiles; stat tiles (contacts/profiles/linked/high-threat); filter tabs ALL/LINKED/HIGH; click pair → /v1/jarvis/agent/chat AI assessment + TTS via jarvis:speak-dossier; isContactThreatQuery+buildContactThreatScript wired in JarvisBrain; jarvis:contact-threat-toggle; ◈ CTL toggle left:4340 with red badge; 60s auto-refresh; mounted App.jsx; build PASSED
2026-06-12 F55 Entity Watchlist — localStorage watchlist for any entity type; live fetch from /entities/{Type}; AI assessment via agent/chat + TTS; isWatchlistQuery wired in JarvisBrain; ⬡ WATCH toggle left:4444; mounted App.jsx; build PASSED.
2026-06-12 F56 SystemHealthScorecard.jsx — composite 0-100 health score from /v1/jarvis/system/status + /v1/cinematic/brain + /entities/RiskSignal; score ring + sub-score bars + metric tiles + sparkline history; AI anomaly commentary via /v1/jarvis/agent/chat + TTS; isHealthScoreQuery+buildHealthScoreScript wired in JarvisBrain; ⊕ SCORE toggle left:4548; 30s auto-refresh; mounted App.jsx; build PASSED
2026-06-12 F57 TaskSkillAlignment.jsx — parallel-fetch /entities/Task + /v1/aip/skill; keyword-correlator surfaces task coverage gaps vs skill profile; stat tiles, coverage bar, per-task matched-skill badges, AI team-readiness via /v1/jarvis/agent/chat + TTS; isTaskAlignQuery+buildTaskAlignScript wired in JarvisBrain; jarvis:taskalign-toggle; ◈ TALIGN left:4652; mounted App.jsx; build PASSED
